# JRE version: OpenJDK Runtime Environment Homebrew (17.0.11) (build 17.0.11+0)
# Java VM: OpenJDK 64-Bit Server VM Homebrew (17.0.11+0, mixed mode, sharing, tiered, compressed oops, compressed class ptrs, g1 gc, bsd-amd64)
GC Precious Log:
 CPUs: 4 total, 4 available
 Memory: 8192M
 Large Page Support: Disabled
 NUMA Support: Disabled
 Compressed Oops: Enabled (Zero based)
 Heap Region Size: 1M
 Heap Min Capacity: 8M
 Heap Initial Capacity: 128M
 Heap Max Capacity: 2G
 Pre-touch: Disabled
 Parallel Workers: 4
 Concurrent Workers: 1
 Concurrent Refinement Workers: 4
 Periodic GC: Disabled
Heap:
 garbage-first heap   total 159744K, used 51235K [0x0000000780000000, 0x0000000800000000)
  region size 1024K, 42 young (43008K), 5 survivors (5120K)
 Metaspace       used 13944K, committed 14144K, reserved 1114112K
  class space    used 1766K, committed 1856K, reserved 1048576K
GC Heap History (14 events):
Event: 0.415 GC heap before
{Heap before GC invocations=0 (full 0):
 garbage-first heap   total 133120K, used 16284K [0x0000000780000000, 0x0000000800000000)
  region size 1024K, 13 young (13312K), 0 survivors (0K)
 Metaspace       used 3772K, committed 3840K, reserved 1114112K
  class space    used 366K, committed 384K, reserved 1048576K
}
Event: 0.421 GC heap after
{Heap after GC invocations=1 (full 0):
 garbage-first heap   total 133120K, used 4820K [0x0000000780000000, 0x0000000800000000)
  region size 1024K, 2 young (2048K), 2 survivors (2048K)
 Metaspace       used 3772K, committed 3840K, reserved 1114112K
  class space    used 366K, committed 384K, reserved 1048576K
}
Event: 0.772 GC heap before
{Heap before GC invocations=1 (full 0):
 garbage-first heap   total 133120K, used 20180K [0x0000000780000000, 0x0000000800000000)
  region size 1024K, 18 young (18432K), 2 survivors (2048K)
 Metaspace       used 4550K, committed 4736K, reserved 1114112K
  class space    used 455K, committed 576K, reserved 1048576K
}
Event: 0.777 GC heap after
{Heap after GC invocations=2 (full 0):
 garbage-first heap   total 133120K, used 6498K [0x0000000780000000, 0x0000000800000000)
  region size 1024K, 2 young (2048K), 2 survivors (2048K)
 Metaspace       used 4550K, committed 4736K, reserved 1114112K
  class space    used 455K, committed 576K, reserved 1048576K
}
Event: 1.430 GC heap before
{Heap before GC invocations=2 (full 0):
 garbage-first heap   total 133120K, used 59746K [0x0000000780000000, 0x0000000800000000)
  region size 1024K, 54 young (55296K), 2 survivors (2048K)
 Metaspace       used 6557K, committed 6656K, reserved 1114112K
  class space    used 763K, committed 832K, reserved 1048576K
}
Event: 1.435 GC heap after
{Heap after GC invocations=3 (full 0):
 garbage-first heap   total 133120K, used 10097K [0x0000000780000000, 0x0000000800000000)
  region size 1024K, 6 young (6144K), 6 survivors (6144K)
 Metaspace       used 6557K, committed 6656K, reserved 1114112K
  class space    used 763K, committed 832K, reserved 1048576K
}
Event: 1.730 GC heap before
{Heap before GC invocations=3 (full 0):
 garbage-first heap   total 133120K, used 70513K [0x0000000780000000, 0x0000000800000000)
  region size 1024K, 66 young (67584K), 6 survivors (6144K)
 Metaspace       used 8233K, committed 8384K, reserved 1114112K
  class space    used 975K, committed 1024K, reserved 1048576K
}
Event: 1.737 GC heap after
{Heap after GC invocations=4 (full 0):
 garbage-first heap   total 133120K, used 11931K [0x0000000780000000, 0x0000000800000000)
  region size 1024K, 6 young (6144K), 6 survivors (6144K)
 Metaspace       used 8233K, committed 8384K, reserved 1114112K
  class space    used 975K, committed 1024K, reserved 1048576K
}
Event: 1.950 GC heap before
{Heap before GC invocations=4 (full 0):
 garbage-first heap   total 133120K, used 83611K [0x0000000780000000, 0x0000000800000000)
  region size 1024K, 76 young (77824K), 6 survivors (6144K)
 Metaspace       used 9639K, committed 9792K, reserved 1114112K
  class space    used 1192K, committed 1280K, reserved 1048576K
}
Event: 1.958 GC heap after
{Heap after GC invocations=5 (full 0):
 garbage-first heap   total 133120K, used 12854K [0x0000000780000000, 0x0000000800000000)
  region size 1024K, 3 young (3072K), 3 survivors (3072K)
 Metaspace       used 9639K, committed 9792K, reserved 1114112K
  class space    used 1192K, committed 1280K, reserved 1048576K
}
Event: 2.218 GC heap before
{Heap before GC invocations=5 (full 0):
 garbage-first heap   total 133120K, used 87606K [0x0000000780000000, 0x0000000800000000)
  region size 1024K, 76 young (77824K), 3 survivors (3072K)
 Metaspace       used 11194K, committed 11328K, reserved 1114112K
  class space    used 1405K, committed 1472K, reserved 1048576K
}
Event: 2.222 GC heap after
{Heap after GC invocations=6 (full 0):
 garbage-first heap   total 159744K, used 13163K [0x0000000780000000, 0x0000000800000000)
  region size 1024K, 3 young (3072K), 3 survivors (3072K)
 Metaspace       used 11194K, committed 11328K, reserved 1114112K
  class space    used 1405K, committed 1472K, reserved 1048576K
}
Event: 2.591 GC heap before
{Heap before GC invocations=6 (full 0):
 garbage-first heap   total 159744K, used 105323K [0x0000000780000000, 0x0000000800000000)
  region size 1024K, 93 young (95232K), 3 survivors (3072K)
 Metaspace       used 12868K, committed 13056K, reserved 1114112K
  class space    used 1624K, committed 1728K, reserved 1048576K
}
Event: 2.596 GC heap after
{Heap after GC invocations=7 (full 0):
 garbage-first heap   total 159744K, used 14371K [0x0000000780000000, 0x0000000800000000)
  region size 1024K, 5 young (5120K), 5 survivors (5120K)
 Metaspace       used 12868K, committed 13056K, reserved 1114112K
  class space    used 1624K, committed 1728K, reserved 1048576K
}

