# JRE version: OpenJDK Runtime Environment Homebrew (17.0.11) (build 17.0.11+0)
# Java VM: OpenJDK 64-Bit Server VM Homebrew (17.0.11+0, mixed mode, sharing, tiered, compressed oops, compressed class ptrs, g1 gc, bsd-amd64)
GC Precious Log:
 CPUs: 4 total, 4 available
 Memory: 8192M
 Large Page Support: Disabled
 NUMA Support: Disabled
 Compressed Oops: Enabled (Zero based)
 Heap Region Size: 1M
 Heap Min Capacity: 8M
 Heap Initial Capacity: 128M
 Heap Max Capacity: 2G
 Pre-touch: Disabled
 Parallel Workers: 4
 Concurrent Workers: 1
 Concurrent Refinement Workers: 4
 Periodic GC: Disabled
Heap:
 garbage-first heap   total 133120K, used 34129K [0x0000000780000000, 0x0000000800000000)
  region size 1024K, 25 young (25600K), 3 survivors (3072K)
 Metaspace       used 9905K, committed 10112K, reserved 1114112K
  class space    used 1228K, committed 1344K, reserved 1048576K
GC Heap History (10 events):
Event: 0.529 GC heap before
{Heap before GC invocations=0 (full 0):
 garbage-first heap   total 133120K, used 16284K [0x0000000780000000, 0x0000000800000000)
  region size 1024K, 13 young (13312K), 0 survivors (0K)
 Metaspace       used 3772K, committed 3840K, reserved 1114112K
  class space    used 366K, committed 384K, reserved 1048576K
}
Event: 0.536 GC heap after
{Heap after GC invocations=1 (full 0):
 garbage-first heap   total 133120K, used 4855K [0x0000000780000000, 0x0000000800000000)
  region size 1024K, 2 young (2048K), 2 survivors (2048K)
 Metaspace       used 3772K, committed 3840K, reserved 1114112K
  class space    used 366K, committed 384K, reserved 1048576K
}
Event: 0.983 GC heap before
{Heap before GC invocations=1 (full 0):
 garbage-first heap   total 133120K, used 20215K [0x0000000780000000, 0x0000000800000000)
  region size 1024K, 18 young (18432K), 2 survivors (2048K)
 Metaspace       used 4560K, committed 4736K, reserved 1114112K
  class space    used 455K, committed 576K, reserved 1048576K
}
Event: 0.988 GC heap after
{Heap after GC invocations=2 (full 0):
 garbage-first heap   total 133120K, used 6715K [0x0000000780000000, 0x0000000800000000)
  region size 1024K, 2 young (2048K), 2 survivors (2048K)
 Metaspace       used 4560K, committed 4736K, reserved 1114112K
  class space    used 455K, committed 576K, reserved 1048576K
}
Event: 1.719 GC heap before
{Heap before GC invocations=2 (full 0):
 garbage-first heap   total 133120K, used 58939K [0x0000000780000000, 0x0000000800000000)
  region size 1024K, 53 young (54272K), 2 survivors (2048K)
 Metaspace       used 6464K, committed 6656K, reserved 1114112K
  class space    used 748K, committed 832K, reserved 1048576K
}
Event: 1.725 GC heap after
{Heap after GC invocations=3 (full 0):
 garbage-first heap   total 133120K, used 10467K [0x0000000780000000, 0x0000000800000000)
  region size 1024K, 6 young (6144K), 6 survivors (6144K)
 Metaspace       used 6464K, committed 6656K, reserved 1114112K
  class space    used 748K, committed 832K, reserved 1048576K
}
Event: 2.012 GC heap before
{Heap before GC invocations=3 (full 0):
 garbage-first heap   total 133120K, used 69859K [0x0000000780000000, 0x0000000800000000)
  region size 1024K, 65 young (66560K), 6 survivors (6144K)
 Metaspace       used 8218K, committed 8320K, reserved 1114112K
  class space    used 968K, committed 1024K, reserved 1048576K
}
Event: 2.021 GC heap after
{Heap after GC invocations=4 (full 0):
 garbage-first heap   total 133120K, used 12091K [0x0000000780000000, 0x0000000800000000)
  region size 1024K, 6 young (6144K), 6 survivors (6144K)
 Metaspace       used 8218K, committed 8320K, reserved 1114112K
  class space    used 968K, committed 1024K, reserved 1048576K
}
Event: 2.274 GC heap before
{Heap before GC invocations=4 (full 0):
 garbage-first heap   total 133120K, used 83771K [0x0000000780000000, 0x0000000800000000)
  region size 1024K, 76 young (77824K), 6 survivors (6144K)
 Metaspace       used 9639K, committed 9792K, reserved 1114112K
  class space    used 1189K, committed 1280K, reserved 1048576K
}
Event: 2.281 GC heap after
{Heap after GC invocations=5 (full 0):
 garbage-first heap   total 133120K, used 12625K [0x0000000780000000, 0x0000000800000000)
  region size 1024K, 3 young (3072K), 3 survivors (3072K)
 Metaspace       used 9639K, committed 9792K, reserved 1114112K
  class space    used 1189K, committed 1280K, reserved 1048576K
}

