# JRE version: OpenJDK Runtime Environment Homebrew (17.0.11) (build 17.0.11+0)
# Java VM: OpenJDK 64-Bit Server VM Homebrew (17.0.11+0, mixed mode, sharing, tiered, compressed oops, compressed class ptrs, g1 gc, bsd-amd64)
GC Precious Log:
 CPUs: 4 total, 4 available
 Memory: 8192M
 Large Page Support: Disabled
 NUMA Support: Disabled
 Compressed Oops: Enabled (Zero based)
 Heap Region Size: 1M
 Heap Min Capacity: 8M
 Heap Initial Capacity: 128M
 Heap Max Capacity: 2G
 Pre-touch: Disabled
 Parallel Workers: 4
 Concurrent Workers: 1
 Concurrent Refinement Workers: 4
 Periodic GC: Disabled
Heap:
 garbage-first heap   total 133120K, used 81389K [0x0000000780000000, 0x0000000800000000)
  region size 1024K, 71 young (72704K), 3 survivors (3072K)
 Metaspace       used 11112K, committed 11264K, reserved 1114112K
  class space    used 1392K, committed 1472K, reserved 1048576K
GC Heap History (10 events):
Event: 0.446 GC heap before
{Heap before GC invocations=0 (full 0):
 garbage-first heap   total 133120K, used 16284K [0x0000000780000000, 0x0000000800000000)
  region size 1024K, 13 young (13312K), 0 survivors (0K)
 Metaspace       used 3776K, committed 3840K, reserved 1114112K
  class space    used 366K, committed 384K, reserved 1048576K
}
Event: 0.452 GC heap after
{Heap after GC invocations=1 (full 0):
 garbage-first heap   total 133120K, used 4817K [0x0000000780000000, 0x0000000800000000)
  region size 1024K, 2 young (2048K), 2 survivors (2048K)
 Metaspace       used 3776K, committed 3840K, reserved 1114112K
  class space    used 366K, committed 384K, reserved 1048576K
}
Event: 0.772 GC heap before
{Heap before GC invocations=1 (full 0):
 garbage-first heap   total 133120K, used 20177K [0x0000000780000000, 0x0000000800000000)
  region size 1024K, 18 young (18432K), 2 survivors (2048K)
 Metaspace       used 4555K, committed 4736K, reserved 1114112K
  class space    used 455K, committed 576K, reserved 1048576K
}
Event: 0.777 GC heap after
{Heap after GC invocations=2 (full 0):
 garbage-first heap   total 133120K, used 6689K [0x0000000780000000, 0x0000000800000000)
  region size 1024K, 2 young (2048K), 2 survivors (2048K)
 Metaspace       used 4555K, committed 4736K, reserved 1114112K
  class space    used 455K, committed 576K, reserved 1048576K
}
Event: 1.481 GC heap before
{Heap before GC invocations=2 (full 0):
 garbage-first heap   total 133120K, used 59937K [0x0000000780000000, 0x0000000800000000)
  region size 1024K, 54 young (55296K), 2 survivors (2048K)
 Metaspace       used 6574K, committed 6720K, reserved 1114112K
  class space    used 763K, committed 832K, reserved 1048576K
}
Event: 1.488 GC heap after
{Heap after GC invocations=3 (full 0):
 garbage-first heap   total 133120K, used 10358K [0x0000000780000000, 0x0000000800000000)
  region size 1024K, 6 young (6144K), 6 survivors (6144K)
 Metaspace       used 6574K, committed 6720K, reserved 1114112K
  class space    used 763K, committed 832K, reserved 1048576K
}
Event: 1.776 GC heap before
{Heap before GC invocations=3 (full 0):
 garbage-first heap   total 133120K, used 70774K [0x0000000780000000, 0x0000000800000000)
  region size 1024K, 66 young (67584K), 6 survivors (6144K)
 Metaspace       used 8233K, committed 8384K, reserved 1114112K
  class space    used 974K, committed 1024K, reserved 1048576K
}
Event: 1.783 GC heap after
{Heap after GC invocations=4 (full 0):
 garbage-first heap   total 133120K, used 11908K [0x0000000780000000, 0x0000000800000000)
  region size 1024K, 6 young (6144K), 6 survivors (6144K)
 Metaspace       used 8233K, committed 8384K, reserved 1114112K
  class space    used 974K, committed 1024K, reserved 1048576K
}
Event: 1.998 GC heap before
{Heap before GC invocations=4 (full 0):
 garbage-first heap   total 133120K, used 83588K [0x0000000780000000, 0x0000000800000000)
  region size 1024K, 76 young (77824K), 6 survivors (6144K)
 Metaspace       used 9630K, committed 9792K, reserved 1114112K
  class space    used 1189K, committed 1280K, reserved 1048576K
}
Event: 2.005 GC heap after
{Heap after GC invocations=5 (full 0):
 garbage-first heap   total 133120K, used 12781K [0x0000000780000000, 0x0000000800000000)
  region size 1024K, 3 young (3072K), 3 survivors (3072K)
 Metaspace       used 9630K, committed 9792K, reserved 1114112K
  class space    used 1189K, committed 1280K, reserved 1048576K
}

