# JRE version: OpenJDK Runtime Environment Homebrew (17.0.11) (build 17.0.11+0)
# Java VM: OpenJDK 64-Bit Server VM Homebrew (17.0.11+0, mixed mode, sharing, tiered, compressed oops, compressed class ptrs, g1 gc, bsd-amd64)
GC Precious Log:
 CPUs: 4 total, 4 available
 Memory: 8192M
 Large Page Support: Disabled
 NUMA Support: Disabled
 Compressed Oops: Enabled (Zero based)
 Heap Region Size: 1M
 Heap Min Capacity: 8M
 Heap Initial Capacity: 128M
 Heap Max Capacity: 2G
 Pre-touch: Disabled
 Parallel Workers: 4
 Concurrent Workers: 1
 Concurrent Refinement Workers: 4
 Periodic GC: Disabled
Heap:
 garbage-first heap   total 159744K, used 44578K [0x0000000780000000, 0x0000000800000000)
  region size 1024K, 36 young (36864K), 4 survivors (4096K)
 Metaspace       used 13551K, committed 13696K, reserved 1114112K
  class space    used 1708K, committed 1792K, reserved 1048576K
GC Heap History (14 events):
Event: 0.421 GC heap before
{Heap before GC invocations=0 (full 0):
 garbage-first heap   total 133120K, used 16284K [0x0000000780000000, 0x0000000800000000)
  region size 1024K, 13 young (13312K), 0 survivors (0K)
 Metaspace       used 3773K, committed 3840K, reserved 1114112K
  class space    used 366K, committed 384K, reserved 1048576K
}
Event: 0.426 GC heap after
{Heap after GC invocations=1 (full 0):
 garbage-first heap   total 133120K, used 4817K [0x0000000780000000, 0x0000000800000000)
  region size 1024K, 2 young (2048K), 2 survivors (2048K)
 Metaspace       used 3773K, committed 3840K, reserved 1114112K
  class space    used 366K, committed 384K, reserved 1048576K
}
Event: 0.783 GC heap before
{Heap before GC invocations=1 (full 0):
 garbage-first heap   total 133120K, used 20177K [0x0000000780000000, 0x0000000800000000)
  region size 1024K, 18 young (18432K), 2 survivors (2048K)
 Metaspace       used 4553K, committed 4736K, reserved 1114112K
  class space    used 455K, committed 576K, reserved 1048576K
}
Event: 0.787 GC heap after
{Heap after GC invocations=2 (full 0):
 garbage-first heap   total 133120K, used 6620K [0x0000000780000000, 0x0000000800000000)
  region size 1024K, 2 young (2048K), 2 survivors (2048K)
 Metaspace       used 4553K, committed 4736K, reserved 1114112K
  class space    used 455K, committed 576K, reserved 1048576K
}
Event: 1.499 GC heap before
{Heap before GC invocations=2 (full 0):
 garbage-first heap   total 133120K, used 59868K [0x0000000780000000, 0x0000000800000000)
  region size 1024K, 54 young (55296K), 2 survivors (2048K)
 Metaspace       used 6565K, committed 6720K, reserved 1114112K
  class space    used 761K, committed 832K, reserved 1048576K
}
Event: 1.505 GC heap after
{Heap after GC invocations=3 (full 0):
 garbage-first heap   total 133120K, used 10309K [0x0000000780000000, 0x0000000800000000)
  region size 1024K, 6 young (6144K), 6 survivors (6144K)
 Metaspace       used 6565K, committed 6720K, reserved 1114112K
  class space    used 761K, committed 832K, reserved 1048576K
}
Event: 1.774 GC heap before
{Heap before GC invocations=3 (full 0):
 garbage-first heap   total 133120K, used 70725K [0x0000000780000000, 0x0000000800000000)
  region size 1024K, 66 young (67584K), 6 survivors (6144K)
 Metaspace       used 8231K, committed 8384K, reserved 1114112K
  class space    used 974K, committed 1024K, reserved 1048576K
}
Event: 1.782 GC heap after
{Heap after GC invocations=4 (full 0):
 garbage-first heap   total 133120K, used 12214K [0x0000000780000000, 0x0000000800000000)
  region size 1024K, 6 young (6144K), 6 survivors (6144K)
 Metaspace       used 8231K, committed 8384K, reserved 1114112K
  class space    used 974K, committed 1024K, reserved 1048576K
}
Event: 2.073 GC heap before
{Heap before GC invocations=4 (full 0):
 garbage-first heap   total 133120K, used 83894K [0x0000000780000000, 0x0000000800000000)
  region size 1024K, 76 young (77824K), 6 survivors (6144K)
 Metaspace       used 9635K, committed 9792K, reserved 1114112K
  class space    used 1189K, committed 1280K, reserved 1048576K
}
Event: 2.080 GC heap after
{Heap after GC invocations=5 (full 0):
 garbage-first heap   total 133120K, used 12632K [0x0000000780000000, 0x0000000800000000)
  region size 1024K, 3 young (3072K), 3 survivors (3072K)
 Metaspace       used 9635K, committed 9792K, reserved 1114112K
  class space    used 1189K, committed 1280K, reserved 1048576K
}
Event: 2.333 GC heap before
{Heap before GC invocations=5 (full 0):
 garbage-first heap   total 133120K, used 87384K [0x0000000780000000, 0x0000000800000000)
  region size 1024K, 76 young (77824K), 3 survivors (3072K)
 Metaspace       used 11185K, committed 11328K, reserved 1114112K
  class space    used 1401K, committed 1472K, reserved 1048576K
}
Event: 2.337 GC heap after
{Heap after GC invocations=6 (full 0):
 garbage-first heap   total 159744K, used 12795K [0x0000000780000000, 0x0000000800000000)
  region size 1024K, 3 young (3072K), 3 survivors (3072K)
 Metaspace       used 11185K, committed 11328K, reserved 1114112K
  class space    used 1401K, committed 1472K, reserved 1048576K
}
Event: 2.817 GC heap before
{Heap before GC invocations=6 (full 0):
 garbage-first heap   total 159744K, used 104955K [0x0000000780000000, 0x0000000800000000)
  region size 1024K, 93 young (95232K), 3 survivors (3072K)
 Metaspace       used 12867K, committed 13056K, reserved 1114112K
  class space    used 1620K, committed 1728K, reserved 1048576K
}
Event: 2.822 GC heap after
{Heap after GC invocations=7 (full 0):
 garbage-first heap   total 159744K, used 13858K [0x0000000780000000, 0x0000000800000000)
  region size 1024K, 4 young (4096K), 4 survivors (4096K)
 Metaspace       used 12867K, committed 13056K, reserved 1114112K
  class space    used 1620K, committed 1728K, reserved 1048576K
}

