# JRE version: OpenJDK Runtime Environment Homebrew (17.0.11) (build 17.0.11+0)
# Java VM: OpenJDK 64-Bit Server VM Homebrew (17.0.11+0, mixed mode, sharing, tiered, compressed oops, compressed class ptrs, g1 gc, bsd-amd64)
GC Precious Log:
 CPUs: 4 total, 4 available
 Memory: 8192M
 Large Page Support: Disabled
 NUMA Support: Disabled
 Compressed Oops: Enabled (Zero based)
 Heap Region Size: 1M
 Heap Min Capacity: 8M
 Heap Initial Capacity: 128M
 Heap Max Capacity: 2G
 Pre-touch: Disabled
 Parallel Workers: 4
 Concurrent Workers: 1
 Concurrent Refinement Workers: 4
 Periodic GC: Disabled
Heap:
 garbage-first heap   total 159744K, used 93761K [0x0000000780000000, 0x0000000800000000)
  region size 1024K, 83 young (84992K), 3 survivors (3072K)
 Metaspace       used 12720K, committed 12928K, reserved 1114112K
  class space    used 1602K, committed 1728K, reserved 1048576K
GC Heap History (12 events):
Event: 0.396 GC heap before
{Heap before GC invocations=0 (full 0):
 garbage-first heap   total 133120K, used 16284K [0x0000000780000000, 0x0000000800000000)
  region size 1024K, 13 young (13312K), 0 survivors (0K)
 Metaspace       used 3765K, committed 3840K, reserved 1114112K
  class space    used 366K, committed 384K, reserved 1048576K
}
Event: 0.402 GC heap after
{Heap after GC invocations=1 (full 0):
 garbage-first heap   total 133120K, used 4826K [0x0000000780000000, 0x0000000800000000)
  region size 1024K, 2 young (2048K), 2 survivors (2048K)
 Metaspace       used 3765K, committed 3840K, reserved 1114112K
  class space    used 366K, committed 384K, reserved 1048576K
}
Event: 0.739 GC heap before
{Heap before GC invocations=1 (full 0):
 garbage-first heap   total 133120K, used 20186K [0x0000000780000000, 0x0000000800000000)
  region size 1024K, 18 young (18432K), 2 survivors (2048K)
 Metaspace       used 4559K, committed 4736K, reserved 1114112K
  class space    used 455K, committed 576K, reserved 1048576K
}
Event: 0.743 GC heap after
{Heap after GC invocations=2 (full 0):
 garbage-first heap   total 133120K, used 6661K [0x0000000780000000, 0x0000000800000000)
  region size 1024K, 2 young (2048K), 2 survivors (2048K)
 Metaspace       used 4559K, committed 4736K, reserved 1114112K
  class space    used 455K, committed 576K, reserved 1048576K
}
Event: 1.429 GC heap before
{Heap before GC invocations=2 (full 0):
 garbage-first heap   total 133120K, used 59909K [0x0000000780000000, 0x0000000800000000)
  region size 1024K, 54 young (55296K), 2 survivors (2048K)
 Metaspace       used 6571K, committed 6720K, reserved 1114112K
  class space    used 763K, committed 832K, reserved 1048576K
}
Event: 1.434 GC heap after
{Heap after GC invocations=3 (full 0):
 garbage-first heap   total 133120K, used 10265K [0x0000000780000000, 0x0000000800000000)
  region size 1024K, 6 young (6144K), 6 survivors (6144K)
 Metaspace       used 6571K, committed 6720K, reserved 1114112K
  class space    used 763K, committed 832K, reserved 1048576K
}
Event: 1.736 GC heap before
{Heap before GC invocations=3 (full 0):
 garbage-first heap   total 133120K, used 70681K [0x0000000780000000, 0x0000000800000000)
  region size 1024K, 66 young (67584K), 6 survivors (6144K)
 Metaspace       used 8242K, committed 8384K, reserved 1114112K
  class space    used 974K, committed 1024K, reserved 1048576K
}
Event: 1.744 GC heap after
{Heap after GC invocations=4 (full 0):
 garbage-first heap   total 133120K, used 12098K [0x0000000780000000, 0x0000000800000000)
  region size 1024K, 6 young (6144K), 6 survivors (6144K)
 Metaspace       used 8242K, committed 8384K, reserved 1114112K
  class space    used 974K, committed 1024K, reserved 1048576K
}
Event: 1.951 GC heap before
{Heap before GC invocations=4 (full 0):
 garbage-first heap   total 133120K, used 83778K [0x0000000780000000, 0x0000000800000000)
  region size 1024K, 76 young (77824K), 6 survivors (6144K)
 Metaspace       used 9631K, committed 9792K, reserved 1114112K
  class space    used 1189K, committed 1280K, reserved 1048576K
}
Event: 1.958 GC heap after
{Heap after GC invocations=5 (full 0):
 garbage-first heap   total 133120K, used 12497K [0x0000000780000000, 0x0000000800000000)
  region size 1024K, 3 young (3072K), 3 survivors (3072K)
 Metaspace       used 9631K, committed 9792K, reserved 1114112K
  class space    used 1189K, committed 1280K, reserved 1048576K
}
Event: 2.194 GC heap before
{Heap before GC invocations=5 (full 0):
 garbage-first heap   total 133120K, used 87249K [0x0000000780000000, 0x0000000800000000)
  region size 1024K, 76 young (77824K), 3 survivors (3072K)
 Metaspace       used 11196K, committed 11328K, reserved 1114112K
  class space    used 1402K, committed 1472K, reserved 1048576K
}
Event: 2.199 GC heap after
{Heap after GC invocations=6 (full 0):
 garbage-first heap   total 159744K, used 12865K [0x0000000780000000, 0x0000000800000000)
  region size 1024K, 3 young (3072K), 3 survivors (3072K)
 Metaspace       used 11196K, committed 11328K, reserved 1114112K
  class space    used 1402K, committed 1472K, reserved 1048576K
}

